<?xml version="1.0" encoding="UTF-8"?>
<!-- Generated by org.testng.reporters.JUnitReportReporter -->
<testsuite hostname="DESKTOP-K69LQUC" failures="0" tests="3" name="madhan.UserValidationTest" time="0.018" errors="0" timestamp="2023-11-07T14:05:37 IST" skipped="0">
  <testcase classname="madhan.UserValidationTest" name="case2" time="0.001"/>
  <testcase classname="madhan.UserValidationTest" name="case3" time="0.001"/>
  <testcase classname="madhan.UserValidationTest" name="case1" time="0.016"/>
</testsuite> <!-- madhan.UserValidationTest -->
